[ 2018-03-07T10:45:41+08:00 ] ::1 /Supermaket/mobile.php/User/hello?openid=oojut4rdkvXQl7f9kKJTJa3q86Hg
INFO: [ app_init ] --START--
INFO: Run Behavior\BuildLiteBehavior [ RunTime:0.000019s ]
INFO: [ app_init ] --END-- [ RunTime:0.000800s ]
INFO: [ app_begin ] --START--
INFO: Run Behavior\ReadHtmlCacheBehavior [ RunTime:0.000990s ]
INFO: [ app_begin ] --END-- [ RunTime:0.001056s ]
SQL: SHOW COLUMNS FROM `s_user` [ RunTime:0.012086s ]
NOTIC: [4096] Object of class Think\Model could not be converted to string /Users/simple/Documents/web_projects/Supermaket/Application/Mobile/Controller/UserController.class.php 第 17 行.
INFO: [ app_end ] --START--
INFO: Run Behavior\ShowPageTraceBehavior [ RunTime:0.041046s ]
INFO: [ app_end ] --END-- [ RunTime:0.041128s ]

[ 2018-03-07T10:46:05+08:00 ] ::1 /Supermaket/mobile.php/User/hello?id=1
INFO: [ app_init ] --START--
INFO: Run Behavior\BuildLiteBehavior [ RunTime:0.000017s ]
INFO: [ app_init ] --END-- [ RunTime:0.000382s ]
INFO: [ app_begin ] --START--
INFO: Run Behavior\ReadHtmlCacheBehavior [ RunTime:0.000470s ]
INFO: [ app_begin ] --END-- [ RunTime:0.000513s ]
SQL: SHOW COLUMNS FROM `s_user` [ RunTime:0.002513s ]
NOTIC: [4096] Object of class Think\Model could not be converted to string /Users/simple/Documents/web_projects/Supermaket/Application/Mobile/Controller/UserController.class.php 第 17 行.
INFO: [ app_end ] --START--
INFO: Run Behavior\ShowPageTraceBehavior [ RunTime:0.000827s ]
INFO: [ app_end ] --END-- [ RunTime:0.000901s ]

[ 2018-03-07T10:51:32+08:00 ] ::1 /Supermaket/mobile.php/User/hello?id=1
INFO: [ app_init ] --START--
INFO: Run Behavior\BuildLiteBehavior [ RunTime:0.000019s ]
INFO: [ app_init ] --END-- [ RunTime:0.000690s ]
INFO: [ app_begin ] --START--
INFO: Run Behavior\ReadHtmlCacheBehavior [ RunTime:0.000849s ]
INFO: [ app_begin ] --END-- [ RunTime:0.000919s ]
NOTIC: [8] Array to string conversion /Users/simple/Documents/web_projects/Supermaket/Application/Mobile/Controller/UserController.class.php 第 17 行.
INFO: [ app_end ] --START--
INFO: Run Behavior\ShowPageTraceBehavior [ RunTime:0.000838s ]
INFO: [ app_end ] --END-- [ RunTime:0.000886s ]

[ 2018-03-07T10:51:45+08:00 ] ::1 /Supermaket/mobile.php/User/hello?id=1
INFO: [ app_init ] --START--
INFO: Run Behavior\BuildLiteBehavior [ RunTime:0.000017s ]
INFO: [ app_init ] --END-- [ RunTime:0.000399s ]
INFO: [ app_begin ] --START--
INFO: Run Behavior\ReadHtmlCacheBehavior [ RunTime:0.000597s ]
INFO: [ app_begin ] --END-- [ RunTime:0.000645s ]
INFO: [ app_end ] --START--
INFO: Run Behavior\ShowPageTraceBehavior [ RunTime:0.000792s ]
INFO: [ app_end ] --END-- [ RunTime:0.000868s ]

[ 2018-03-07T10:52:11+08:00 ] ::1 /Supermaket/mobile.php/User/hello?id=1
INFO: [ app_init ] --START--
INFO: Run Behavior\BuildLiteBehavior [ RunTime:0.000043s ]
INFO: [ app_init ] --END-- [ RunTime:0.000949s ]
INFO: [ app_begin ] --START--
INFO: Run Behavior\ReadHtmlCacheBehavior [ RunTime:0.000725s ]
INFO: [ app_begin ] --END-- [ RunTime:0.000791s ]
INFO: [ app_end ] --START--
INFO: Run Behavior\ShowPageTraceBehavior [ RunTime:0.000680s ]
INFO: [ app_end ] --END-- [ RunTime:0.000729s ]

[ 2018-03-07T10:56:28+08:00 ] 192.168.0.10 /Supermaket/mobile.php/Login/login?code=071lpbg92QkMdS04cxe9238jg92lpbgo
INFO: [ app_init ] --START--
INFO: Run Behavior\BuildLiteBehavior [ RunTime:0.000037s ]
INFO: [ app_init ] --END-- [ RunTime:0.010467s ]
INFO: [ app_begin ] --START--
INFO: Run Behavior\ReadHtmlCacheBehavior [ RunTime:0.001269s ]
INFO: [ app_begin ] --END-- [ RunTime:0.001373s ]
NOTIC: [8] Undefined index: unionid /Users/simple/Documents/web_projects/Supermaket/Application/Mobile/Controller/LoginController.class.php 第 39 行.
INFO: [ app_end ] --START--
INFO: Run Behavior\ShowPageTraceBehavior [ RunTime:0.021904s ]
INFO: [ app_end ] --END-- [ RunTime:0.022025s ]

[ 2018-03-07T10:56:29+08:00 ] 192.168.0.10 /Supermaket/mobile.php/User/saveUser?nickName=%E5%AF%BB%E6%89%BE%E9%82%A3%E4%BB%BD&gender=1&language=zh_CN&country=China&province=Chongqing&city=Dianjiang&avatarUrl=https%3A%2F%2Fwx.qlogo.cn%2Fmmopen%2Fvi_32%2FDYAIOgq83eqO9hgOpJckewQnrE2XnlicAdmdOUbGG506n1ManE3CKGqjgHotiatx89Q2EAaEGHXkghSU2hn4ibueQ%2F0&openId=oojut4rdkvXQl7f9kKJTJa3q86Hg&session_key=undefined
INFO: [ app_init ] --START--
INFO: Run Behavior\BuildLiteBehavior [ RunTime:0.000023s ]
INFO: [ app_init ] --END-- [ RunTime:0.000715s ]
INFO: [ app_begin ] --START--
INFO: Run Behavior\ReadHtmlCacheBehavior [ RunTime:0.000945s ]
INFO: [ app_begin ] --END-- [ RunTime:0.001022s ]
NOTIC: [8] Undefined index: openid /Users/simple/Documents/web_projects/Supermaket/Application/Mobile/Controller/UserController.class.php 第 26 行.
SQL: SHOW COLUMNS FROM `s_user` [ RunTime:0.002037s ]
SQL: SELECT COUNT(*) AS tp_count FROM `s_user` WHERE ( openId="" ) LIMIT 1   [ RunTime:0.000400s ]
SQL: INSERT INTO `s_user` (`nickName`,`gender`,`language`,`country`,`province`,`city`,`avatarUrl`,`openId`,`session_key`,`regDate`) VALUES ('寻找那份',1,'zh_CN','China','Chongqing','Dianjiang','https://wx.qlogo.cn/mmopen/vi_32/DYAIOgq83eqO9hgOpJckewQnrE2XnlicAdmdOUbGG506n1ManE3CKGqjgHotiatx89Q2EAaEGHXkghSU2hn4ibueQ/0','oojut4rdkvXQl7f9kKJTJa3q86Hg','undefined','2018-03-07 10:56:29') [ RunTime:0.027811s ]
INFO: [ app_end ] --START--
INFO: Run Behavior\ShowPageTraceBehavior [ RunTime:0.001216s ]
INFO: [ app_end ] --END-- [ RunTime:0.001326s ]

[ 2018-03-07T10:58:29+08:00 ] 192.168.0.10 /Supermaket/mobile.php/Login/login?code=081M21jO0wmmUa2a3ogO0pk7jO0M21jD
INFO: [ app_init ] --START--
INFO: Run Behavior\BuildLiteBehavior [ RunTime:0.000030s ]
INFO: [ app_init ] --END-- [ RunTime:0.000839s ]
INFO: [ app_begin ] --START--
INFO: Run Behavior\ReadHtmlCacheBehavior [ RunTime:0.001279s ]
INFO: [ app_begin ] --END-- [ RunTime:0.001387s ]
NOTIC: [8] Undefined index: unionid /Users/simple/Documents/web_projects/Supermaket/Application/Mobile/Controller/LoginController.class.php 第 39 行.
INFO: [ app_end ] --START--
INFO: Run Behavior\ShowPageTraceBehavior [ RunTime:0.019144s ]
INFO: [ app_end ] --END-- [ RunTime:0.019229s ]

[ 2018-03-07T10:58:30+08:00 ] 192.168.0.10 /Supermaket/mobile.php/User/saveUser?nickName=%E5%AF%BB%E6%89%BE%E9%82%A3%E4%BB%BD&gender=1&language=zh_CN&country=China&province=Chongqing&city=Dianjiang&avatarUrl=https%3A%2F%2Fwx.qlogo.cn%2Fmmopen%2Fvi_32%2FDYAIOgq83eqO9hgOpJckewQnrE2XnlicAdmdOUbGG506n1ManE3CKGqjgHotiatx89Q2EAaEGHXkghSU2hn4ibueQ%2F0&openId=oojut4rdkvXQl7f9kKJTJa3q86Hg&session_key=undefined
INFO: [ app_init ] --START--
INFO: Run Behavior\BuildLiteBehavior [ RunTime:0.000034s ]
INFO: [ app_init ] --END-- [ RunTime:0.000715s ]
INFO: [ app_begin ] --START--
INFO: Run Behavior\ReadHtmlCacheBehavior [ RunTime:0.001943s ]
INFO: [ app_begin ] --END-- [ RunTime:0.002047s ]
NOTIC: [8] Undefined index: openid /Users/simple/Documents/web_projects/Supermaket/Application/Mobile/Controller/UserController.class.php 第 26 行.
SQL: SHOW COLUMNS FROM `s_user` [ RunTime:0.012978s ]
SQL: SELECT COUNT(*) AS tp_count FROM `s_user` WHERE ( openId="" ) LIMIT 1   [ RunTime:0.002419s ]
SQL: INSERT INTO `s_user` (`nickName`,`gender`,`language`,`country`,`province`,`city`,`avatarUrl`,`openId`,`session_key`,`regDate`) VALUES ('寻找那份',1,'zh_CN','China','Chongqing','Dianjiang','https://wx.qlogo.cn/mmopen/vi_32/DYAIOgq83eqO9hgOpJckewQnrE2XnlicAdmdOUbGG506n1ManE3CKGqjgHotiatx89Q2EAaEGHXkghSU2hn4ibueQ/0','oojut4rdkvXQl7f9kKJTJa3q86Hg','undefined','2018-03-07 10:58:30') [ RunTime:0.016243s ]
INFO: [ app_end ] --START--
INFO: Run Behavior\ShowPageTraceBehavior [ RunTime:0.000719s ]
INFO: [ app_end ] --END-- [ RunTime:0.000772s ]

[ 2018-03-07T10:59:37+08:00 ] 192.168.0.10 /Supermaket/mobile.php/Login/login?code=001FLVhu1Bburd05oIiu1MjXhu1FLVhi
INFO: [ app_init ] --START--
INFO: Run Behavior\BuildLiteBehavior [ RunTime:0.000026s ]
INFO: [ app_init ] --END-- [ RunTime:0.000780s ]
INFO: [ app_begin ] --START--
INFO: Run Behavior\ReadHtmlCacheBehavior [ RunTime:0.000988s ]
INFO: [ app_begin ] --END-- [ RunTime:0.001084s ]
NOTIC: [8] Undefined index: unionid /Users/simple/Documents/web_projects/Supermaket/Application/Mobile/Controller/LoginController.class.php 第 39 行.
INFO: [ app_end ] --START--
INFO: Run Behavior\ShowPageTraceBehavior [ RunTime:0.017579s ]
INFO: [ app_end ] --END-- [ RunTime:0.017678s ]

[ 2018-03-07T10:59:37+08:00 ] 192.168.0.10 /Supermaket/mobile.php/User/saveUser?nickName=%E5%AF%BB%E6%89%BE%E9%82%A3%E4%BB%BD&gender=1&language=zh_CN&country=China&province=Chongqing&city=Dianjiang&avatarUrl=https%3A%2F%2Fwx.qlogo.cn%2Fmmopen%2Fvi_32%2FDYAIOgq83eqO9hgOpJckewQnrE2XnlicAdmdOUbGG506n1ManE3CKGqjgHotiatx89Q2EAaEGHXkghSU2hn4ibueQ%2F0&openId=oojut4rdkvXQl7f9kKJTJa3q86Hg&session_key=spbbeuTSkmEXDpFj4av6Eg%3D%3D
INFO: [ app_init ] --START--
INFO: Run Behavior\BuildLiteBehavior [ RunTime:0.000017s ]
INFO: [ app_init ] --END-- [ RunTime:0.000402s ]
INFO: [ app_begin ] --START--
INFO: Run Behavior\ReadHtmlCacheBehavior [ RunTime:0.000464s ]
INFO: [ app_begin ] --END-- [ RunTime:0.000503s ]
NOTIC: [8] Undefined index: openid /Users/simple/Documents/web_projects/Supermaket/Application/Mobile/Controller/UserController.class.php 第 26 行.
SQL: SHOW COLUMNS FROM `s_user` [ RunTime:0.017062s ]
SQL: SELECT COUNT(*) AS tp_count FROM `s_user` WHERE ( openId="" ) LIMIT 1   [ RunTime:0.000402s ]
SQL: INSERT INTO `s_user` (`nickName`,`gender`,`language`,`country`,`province`,`city`,`avatarUrl`,`openId`,`session_key`,`regDate`) VALUES ('寻找那份',1,'zh_CN','China','Chongqing','Dianjiang','https://wx.qlogo.cn/mmopen/vi_32/DYAIOgq83eqO9hgOpJckewQnrE2XnlicAdmdOUbGG506n1ManE3CKGqjgHotiatx89Q2EAaEGHXkghSU2hn4ibueQ/0','oojut4rdkvXQl7f9kKJTJa3q86Hg','spbbeuTSkmEXDpFj4av6Eg==','2018-03-07 10:59:37') [ RunTime:0.002444s ]
INFO: [ app_end ] --START--
INFO: Run Behavior\ShowPageTraceBehavior [ RunTime:0.000677s ]
INFO: [ app_end ] --END-- [ RunTime:0.000730s ]

[ 2018-03-07T10:59:56+08:00 ] 192.168.0.10 /Supermaket/mobile.php/Login/login?code=011OJuC00dfhhE1FLYA00D7tC00OJuCT
INFO: [ app_init ] --START--
INFO: Run Behavior\BuildLiteBehavior [ RunTime:0.000018s ]
INFO: [ app_init ] --END-- [ RunTime:0.000375s ]
INFO: [ app_begin ] --START--
INFO: Run Behavior\ReadHtmlCacheBehavior [ RunTime:0.001701s ]
INFO: [ app_begin ] --END-- [ RunTime:0.001808s ]
NOTIC: [8] Undefined index: unionid /Users/simple/Documents/web_projects/Supermaket/Application/Mobile/Controller/LoginController.class.php 第 39 行.
INFO: [ app_end ] --START--
INFO: Run Behavior\ShowPageTraceBehavior [ RunTime:0.000960s ]
INFO: [ app_end ] --END-- [ RunTime:0.001046s ]

[ 2018-03-07T10:59:56+08:00 ] 192.168.0.10 /Supermaket/mobile.php/User/saveUser?nickName=%E5%AF%BB%E6%89%BE%E9%82%A3%E4%BB%BD&gender=1&language=zh_CN&country=China&province=Chongqing&city=Dianjiang&avatarUrl=https%3A%2F%2Fwx.qlogo.cn%2Fmmopen%2Fvi_32%2FDYAIOgq83eqO9hgOpJckewQnrE2XnlicAdmdOUbGG506n1ManE3CKGqjgHotiatx89Q2EAaEGHXkghSU2hn4ibueQ%2F0&openId=oojut4rdkvXQl7f9kKJTJa3q86Hg&session_key=spbbeuTSkmEXDpFj4av6Eg%3D%3D
INFO: [ app_init ] --START--
INFO: Run Behavior\BuildLiteBehavior [ RunTime:0.000037s ]
INFO: [ app_init ] --END-- [ RunTime:0.000803s ]
INFO: [ app_begin ] --START--
INFO: Run Behavior\ReadHtmlCacheBehavior [ RunTime:0.001270s ]
INFO: [ app_begin ] --END-- [ RunTime:0.001386s ]
NOTIC: [8] Undefined index: openid /Users/simple/Documents/web_projects/Supermaket/Application/Mobile/Controller/UserController.class.php 第 26 行.
SQL: SHOW COLUMNS FROM `s_user` [ RunTime:0.019990s ]
SQL: SELECT COUNT(*) AS tp_count FROM `s_user` WHERE ( openId="" ) LIMIT 1   [ RunTime:0.000472s ]
SQL: INSERT INTO `s_user` (`nickName`,`gender`,`language`,`country`,`province`,`city`,`avatarUrl`,`openId`,`session_key`,`regDate`) VALUES ('寻找那份',1,'zh_CN','China','Chongqing','Dianjiang','https://wx.qlogo.cn/mmopen/vi_32/DYAIOgq83eqO9hgOpJckewQnrE2XnlicAdmdOUbGG506n1ManE3CKGqjgHotiatx89Q2EAaEGHXkghSU2hn4ibueQ/0','oojut4rdkvXQl7f9kKJTJa3q86Hg','spbbeuTSkmEXDpFj4av6Eg==','2018-03-07 10:59:56') [ RunTime:0.000849s ]
INFO: [ app_end ] --START--
INFO: Run Behavior\ShowPageTraceBehavior [ RunTime:0.000864s ]
INFO: [ app_end ] --END-- [ RunTime:0.001000s ]

[ 2018-03-07T11:02:30+08:00 ] ::1 /Supermaket/mobile.php/User/hello?id=1
INFO: [ app_init ] --START--
INFO: Run Behavior\BuildLiteBehavior [ RunTime:0.000023s ]
INFO: [ app_init ] --END-- [ RunTime:0.000812s ]
INFO: [ app_begin ] --START--
INFO: Run Behavior\ReadHtmlCacheBehavior [ RunTime:0.001279s ]
INFO: [ app_begin ] --END-- [ RunTime:0.001383s ]
NOTIC: [8] Use of undefined constant ISGET - assumed 'ISGET' /Users/simple/Documents/web_projects/Supermaket/Application/Mobile/Controller/UserController.class.php 第 15 行.
INFO: [ app_end ] --START--
INFO: Run Behavior\ShowPageTraceBehavior [ RunTime:0.001236s ]
INFO: [ app_end ] --END-- [ RunTime:0.001305s ]

[ 2018-03-07T11:02:36+08:00 ] ::1 /Supermaket/mobile.php/User/hello?id=1
INFO: [ app_init ] --START--
INFO: Run Behavior\BuildLiteBehavior [ RunTime:0.000016s ]
INFO: [ app_init ] --END-- [ RunTime:0.000341s ]
INFO: [ app_begin ] --START--
INFO: Run Behavior\ReadHtmlCacheBehavior [ RunTime:0.000444s ]
INFO: [ app_begin ] --END-- [ RunTime:0.000482s ]
NOTIC: [8] Use of undefined constant ISPOST - assumed 'ISPOST' /Users/simple/Documents/web_projects/Supermaket/Application/Mobile/Controller/UserController.class.php 第 15 行.
INFO: [ app_end ] --START--
INFO: Run Behavior\ShowPageTraceBehavior [ RunTime:0.000587s ]
INFO: [ app_end ] --END-- [ RunTime:0.000630s ]

[ 2018-03-07T11:02:38+08:00 ] ::1 /Supermaket/mobile.php/User/hello?id=1
INFO: [ app_init ] --START--
INFO: Run Behavior\BuildLiteBehavior [ RunTime:0.000018s ]
INFO: [ app_init ] --END-- [ RunTime:0.000350s ]
INFO: [ app_begin ] --START--
INFO: Run Behavior\ReadHtmlCacheBehavior [ RunTime:0.000459s ]
INFO: [ app_begin ] --END-- [ RunTime:0.000502s ]
NOTIC: [8] Use of undefined constant ISPOST - assumed 'ISPOST' /Users/simple/Documents/web_projects/Supermaket/Application/Mobile/Controller/UserController.class.php 第 15 行.
INFO: [ app_end ] --START--
INFO: Run Behavior\ShowPageTraceBehavior [ RunTime:0.000506s ]
INFO: [ app_end ] --END-- [ RunTime:0.000547s ]

[ 2018-03-07T11:02:55+08:00 ] ::1 /Supermaket/mobile.php/User/hello?id=1
INFO: [ app_init ] --START--
INFO: Run Behavior\BuildLiteBehavior [ RunTime:0.000017s ]
INFO: [ app_init ] --END-- [ RunTime:0.000417s ]
INFO: [ app_begin ] --START--
INFO: Run Behavior\ReadHtmlCacheBehavior [ RunTime:0.000498s ]
INFO: [ app_begin ] --END-- [ RunTime:0.000545s ]
NOTIC: [8] Use of undefined constant ISPOST - assumed 'ISPOST' /Users/simple/Documents/web_projects/Supermaket/Application/Mobile/Controller/UserController.class.php 第 15 行.
INFO: [ app_end ] --START--
INFO: Run Behavior\ShowPageTraceBehavior [ RunTime:0.001152s ]
INFO: [ app_end ] --END-- [ RunTime:0.001220s ]

[ 2018-03-07T11:02:55+08:00 ] ::1 /Supermaket/mobile.php/User/hello?id=1
INFO: [ app_init ] --START--
INFO: Run Behavior\BuildLiteBehavior [ RunTime:0.000015s ]
INFO: [ app_init ] --END-- [ RunTime:0.000331s ]
INFO: [ app_begin ] --START--
INFO: Run Behavior\ReadHtmlCacheBehavior [ RunTime:0.000431s ]
INFO: [ app_begin ] --END-- [ RunTime:0.000468s ]
NOTIC: [8] Use of undefined constant ISPOST - assumed 'ISPOST' /Users/simple/Documents/web_projects/Supermaket/Application/Mobile/Controller/UserController.class.php 第 15 行.
INFO: [ app_end ] --START--
INFO: Run Behavior\ShowPageTraceBehavior [ RunTime:0.000474s ]
INFO: [ app_end ] --END-- [ RunTime:0.000512s ]

[ 2018-03-07T11:02:57+08:00 ] ::1 /Supermaket/mobile.php/User/hello?id=1
INFO: [ app_init ] --START--
INFO: Run Behavior\BuildLiteBehavior [ RunTime:0.000016s ]
INFO: [ app_init ] --END-- [ RunTime:0.000367s ]
INFO: [ app_begin ] --START--
INFO: Run Behavior\ReadHtmlCacheBehavior [ RunTime:0.000495s ]
INFO: [ app_begin ] --END-- [ RunTime:0.000542s ]
NOTIC: [8] Use of undefined constant ISPOST - assumed 'ISPOST' /Users/simple/Documents/web_projects/Supermaket/Application/Mobile/Controller/UserController.class.php 第 15 行.
INFO: [ app_end ] --START--
INFO: Run Behavior\ShowPageTraceBehavior [ RunTime:0.000506s ]
INFO: [ app_end ] --END-- [ RunTime:0.000573s ]

[ 2018-03-07T11:03:05+08:00 ] ::1 /Supermaket/mobile.php/User/hello?id=1
INFO: [ app_init ] --START--
INFO: Run Behavior\BuildLiteBehavior [ RunTime:0.000018s ]
INFO: [ app_init ] --END-- [ RunTime:0.000516s ]
INFO: [ app_begin ] --START--
INFO: Run Behavior\ReadHtmlCacheBehavior [ RunTime:0.000734s ]
INFO: [ app_begin ] --END-- [ RunTime:0.000789s ]
NOTIC: [8] Use of undefined constant ISPOST - assumed 'ISPOST' /Users/simple/Documents/web_projects/Supermaket/Application/Mobile/Controller/UserController.class.php 第 15 行.
INFO: [ app_end ] --START--
INFO: Run Behavior\ShowPageTraceBehavior [ RunTime:0.000957s ]
INFO: [ app_end ] --END-- [ RunTime:0.001133s ]

[ 2018-03-07T11:03:49+08:00 ] ::1 /Supermaket/mobile.php/User/hello?id=1
INFO: [ app_init ] --START--
INFO: Run Behavior\BuildLiteBehavior [ RunTime:0.000018s ]
INFO: [ app_init ] --END-- [ RunTime:0.000658s ]
INFO: [ app_begin ] --START--
INFO: Run Behavior\ReadHtmlCacheBehavior [ RunTime:0.001307s ]
INFO: [ app_begin ] --END-- [ RunTime:0.001412s ]
INFO: [ app_end ] --START--
INFO: Run Behavior\ShowPageTraceBehavior [ RunTime:0.001012s ]
INFO: [ app_end ] --END-- [ RunTime:0.001075s ]

[ 2018-03-07T11:04:34+08:00 ] 192.168.0.10 /Supermaket/mobile.php/Login/login?code=061l3wRb1QDYiv0xTYPb1KwqRb1l3wR-
INFO: [ app_init ] --START--
INFO: Run Behavior\BuildLiteBehavior [ RunTime:0.000059s ]
INFO: [ app_init ] --END-- [ RunTime:0.001316s ]
INFO: [ app_begin ] --START--
INFO: Run Behavior\ReadHtmlCacheBehavior [ RunTime:0.028532s ]
INFO: [ app_begin ] --END-- [ RunTime:0.028642s ]
NOTIC: [8] Undefined index: unionid /Users/simple/Documents/web_projects/Supermaket/Application/Mobile/Controller/LoginController.class.php 第 39 行.
INFO: [ app_end ] --START--
INFO: Run Behavior\ShowPageTraceBehavior [ RunTime:0.041810s ]
INFO: [ app_end ] --END-- [ RunTime:0.041920s ]

[ 2018-03-07T11:04:35+08:00 ] 192.168.0.10 /Supermaket/mobile.php/User/saveUser?nickName=%E5%AF%BB%E6%89%BE%E9%82%A3%E4%BB%BD&gender=1&language=zh_CN&country=China&province=Chongqing&city=Dianjiang&avatarUrl=https%3A%2F%2Fwx.qlogo.cn%2Fmmopen%2Fvi_32%2FDYAIOgq83eqO9hgOpJckewQnrE2XnlicAdmdOUbGG506n1ManE3CKGqjgHotiatx89Q2EAaEGHXkghSU2hn4ibueQ%2F0&openId=oojut4rdkvXQl7f9kKJTJa3q86Hg&session_key=e6mSeHhgfL1%2BnuCcJj8ZBw%3D%3D
INFO: [ app_init ] --START--
INFO: Run Behavior\BuildLiteBehavior [ RunTime:0.000031s ]
INFO: [ app_init ] --END-- [ RunTime:0.002168s ]
INFO: [ app_begin ] --START--
INFO: Run Behavior\ReadHtmlCacheBehavior [ RunTime:0.004394s ]
INFO: [ app_begin ] --END-- [ RunTime:0.004509s ]
NOTIC: [8] Undefined index: openid /Users/simple/Documents/web_projects/Supermaket/Application/Mobile/Controller/UserController.class.php 第 29 行.
SQL: SHOW COLUMNS FROM `s_user` [ RunTime:0.001921s ]
SQL: SELECT COUNT(*) AS tp_count FROM `s_user` WHERE ( openId="" ) LIMIT 1   [ RunTime:0.000384s ]
SQL: INSERT INTO `s_user` (`nickName`,`gender`,`language`,`country`,`province`,`city`,`avatarUrl`,`openId`,`session_key`,`regDate`) VALUES ('寻找那份',1,'zh_CN','China','Chongqing','Dianjiang','https://wx.qlogo.cn/mmopen/vi_32/DYAIOgq83eqO9hgOpJckewQnrE2XnlicAdmdOUbGG506n1ManE3CKGqjgHotiatx89Q2EAaEGHXkghSU2hn4ibueQ/0','oojut4rdkvXQl7f9kKJTJa3q86Hg','e6mSeHhgfL1+nuCcJj8ZBw==','2018-03-07 11:04:35') [ RunTime:0.020596s ]
INFO: [ app_end ] --START--
INFO: Run Behavior\ShowPageTraceBehavior [ RunTime:0.000672s ]
INFO: [ app_end ] --END-- [ RunTime:0.000714s ]

[ 2018-03-07T11:05:04+08:00 ] ::1 /Supermaket/mobile.php/User/hello?id=1
INFO: [ app_init ] --START--
INFO: Run Behavior\BuildLiteBehavior [ RunTime:0.000015s ]
INFO: [ app_init ] --END-- [ RunTime:0.000352s ]
INFO: [ app_begin ] --START--
INFO: Run Behavior\ReadHtmlCacheBehavior [ RunTime:0.000510s ]
INFO: [ app_begin ] --END-- [ RunTime:0.000600s ]
INFO: [ app_end ] --START--
INFO: Run Behavior\ShowPageTraceBehavior [ RunTime:0.000916s ]
INFO: [ app_end ] --END-- [ RunTime:0.000992s ]

[ 2018-03-07T11:05:07+08:00 ] ::1 /Supermaket/mobile.php
INFO: [ app_init ] --START--
INFO: Run Behavior\BuildLiteBehavior [ RunTime:0.000018s ]
INFO: [ app_init ] --END-- [ RunTime:0.000395s ]
INFO: [ app_begin ] --START--
INFO: Run Behavior\ReadHtmlCacheBehavior [ RunTime:0.000489s ]
INFO: [ app_begin ] --END-- [ RunTime:0.000533s ]
INFO: [ view_parse ] --START--
INFO: Run Behavior\ParseTemplateBehavior [ RunTime:0.000578s ]
INFO: [ view_parse ] --END-- [ RunTime:0.000627s ]
INFO: [ view_filter ] --START--
INFO: Run Behavior\WriteHtmlCacheBehavior [ RunTime:0.000136s ]
INFO: [ view_filter ] --END-- [ RunTime:0.000171s ]
INFO: [ app_end ] --START--
INFO: Run Behavior\ShowPageTraceBehavior [ RunTime:0.000532s ]
INFO: [ app_end ] --END-- [ RunTime:0.000569s ]

[ 2018-03-07T14:03:28+08:00 ] ::1 /Supermaket/mobile.php/Generation/index
INFO: [ app_init ] --START--
INFO: Run Behavior\BuildLiteBehavior [ RunTime:0.000031s ]
INFO: [ app_init ] --END-- [ RunTime:0.000763s ]
INFO: [ app_begin ] --START--
INFO: Run Behavior\ReadHtmlCacheBehavior [ RunTime:0.000943s ]
INFO: [ app_begin ] --END-- [ RunTime:0.001037s ]
ERR: 无法加载控制器:Generation

[ 2018-03-07T14:04:10+08:00 ] ::1 /Supermaket/mobile.php/Generation/index
INFO: [ app_init ] --START--
INFO: Run Behavior\BuildLiteBehavior [ RunTime:0.000017s ]
INFO: [ app_init ] --END-- [ RunTime:0.000365s ]
INFO: [ app_begin ] --START--
INFO: Run Behavior\ReadHtmlCacheBehavior [ RunTime:0.000450s ]
INFO: [ app_begin ] --END-- [ RunTime:0.000491s ]
ERR: 无法加载控制器:Generation

