[ 2018-03-27T10:13:56+08:00 ] ::1 /Design/index.php/Example/detail?id=1
INFO: [ app_init ] --START--
INFO: Run Behavior\BuildLiteBehavior [ RunTime:0.000020s ]
INFO: [ app_init ] --END-- [ RunTime:0.000906s ]
INFO: [ app_begin ] --START--
INFO: Run Behavior\ReadHtmlCacheBehavior [ RunTime:0.001167s ]
INFO: [ app_begin ] --END-- [ RunTime:0.001235s ]
SQL: SHOW COLUMNS FROM `s_system` [ RunTime:0.015748s ]
SQL: SELECT * FROM `s_system` LIMIT 1   [ RunTime:0.000241s ]
SQL: SHOW COLUMNS FROM `s_navigation` [ RunTime:0.002144s ]
SQL: SELECT * FROM `s_navigation`  [ RunTime:0.000186s ]
SQL: SHOW COLUMNS FROM `s_exbuild` [ RunTime:0.002736s ]
SQL: SELECT * FROM `s_exbuild` WHERE ( id=1 ) LIMIT 1   [ RunTime:0.000213s ]
SQL: SHOW COLUMNS FROM `s_exbuildimgs` [ RunTime:0.001937s ]
SQL: SELECT * FROM `s_exbuildimgs` WHERE ( parentId=1 )  [ RunTime:0.000176s ]
INFO: [ view_parse ] --START--
INFO: [ template_filter ] --START--
INFO: Run Behavior\ContentReplaceBehavior [ RunTime:0.000187s ]
INFO: [ template_filter ] --END-- [ RunTime:0.000242s ]
INFO: Run Behavior\ParseTemplateBehavior [ RunTime:0.108678s ]
INFO: [ view_parse ] --END-- [ RunTime:0.108757s ]
INFO: [ view_filter ] --START--
INFO: Run Behavior\WriteHtmlCacheBehavior [ RunTime:0.018563s ]
INFO: [ view_filter ] --END-- [ RunTime:0.018645s ]
INFO: [ app_end ] --START--
INFO: Run Behavior\ShowPageTraceBehavior [ RunTime:0.006658s ]
INFO: [ app_end ] --END-- [ RunTime:0.006754s ]

[ 2018-03-27T10:13:59+08:00 ] ::1 /Design/index.php/Example
INFO: [ app_init ] --START--
INFO: Run Behavior\BuildLiteBehavior [ RunTime:0.000015s ]
INFO: [ app_init ] --END-- [ RunTime:0.000442s ]
INFO: [ app_begin ] --START--
INFO: Run Behavior\ReadHtmlCacheBehavior [ RunTime:0.000580s ]
INFO: [ app_begin ] --END-- [ RunTime:0.000674s ]
SQL: SHOW COLUMNS FROM `s_system` [ RunTime:0.003305s ]
SQL: SELECT * FROM `s_system` LIMIT 1   [ RunTime:0.000212s ]
SQL: SHOW COLUMNS FROM `s_navigation` [ RunTime:0.002044s ]
SQL: SELECT * FROM `s_navigation`  [ RunTime:0.000135s ]
SQL: SHOW COLUMNS FROM `s_exbuild` [ RunTime:0.002439s ]
SQL: SELECT * FROM `s_exbuild`  [ RunTime:0.000205s ]
INFO: [ view_parse ] --START--
INFO: [ template_filter ] --START--
INFO: Run Behavior\ContentReplaceBehavior [ RunTime:0.000153s ]
INFO: [ template_filter ] --END-- [ RunTime:0.000209s ]
INFO: Run Behavior\ParseTemplateBehavior [ RunTime:0.029474s ]
INFO: [ view_parse ] --END-- [ RunTime:0.029528s ]
INFO: [ view_filter ] --START--
INFO: Run Behavior\WriteHtmlCacheBehavior [ RunTime:0.000152s ]
INFO: [ view_filter ] --END-- [ RunTime:0.000185s ]
INFO: [ app_end ] --START--
INFO: Run Behavior\ShowPageTraceBehavior [ RunTime:0.001760s ]
INFO: [ app_end ] --END-- [ RunTime:0.001931s ]

[ 2018-03-27T10:14:00+08:00 ] ::1 /Design/Public/Vendor/swiper-3.2.5/maps/swiper.min.js.map
INFO: [ app_init ] --START--
INFO: Run Behavior\BuildLiteBehavior [ RunTime:0.000033s ]
INFO: [ app_init ] --END-- [ RunTime:0.000878s ]
INFO: [ app_begin ] --START--
INFO: Run Behavior\ReadHtmlCacheBehavior [ RunTime:0.001161s ]
INFO: [ app_begin ] --END-- [ RunTime:0.001370s ]
SQL: SHOW COLUMNS FROM `s_system` [ RunTime:0.002652s ]
SQL: SELECT * FROM `s_system` LIMIT 1   [ RunTime:0.000296s ]
SQL: SHOW COLUMNS FROM `s_navigation` [ RunTime:0.002562s ]
SQL: SELECT * FROM `s_navigation`  [ RunTime:0.000157s ]
ERR: 非法操作:Vendor

[ 2018-03-27T10:20:18+08:00 ] ::1 /Design/index.php/Example
INFO: [ app_init ] --START--
INFO: Run Behavior\BuildLiteBehavior [ RunTime:0.000024s ]
INFO: [ app_init ] --END-- [ RunTime:0.000776s ]
INFO: [ app_begin ] --START--
INFO: Run Behavior\ReadHtmlCacheBehavior [ RunTime:0.001129s ]
INFO: [ app_begin ] --END-- [ RunTime:0.001204s ]
SQL: SHOW COLUMNS FROM `s_system` [ RunTime:0.014622s ]
SQL: SELECT * FROM `s_system` LIMIT 1   [ RunTime:0.000194s ]
SQL: SHOW COLUMNS FROM `s_navigation` [ RunTime:0.001836s ]
SQL: SELECT * FROM `s_navigation`  [ RunTime:0.000151s ]
SQL: SHOW COLUMNS FROM `s_exproseries` [ RunTime:0.002139s ]
SQL: SELECT * FROM `s_exproseries`  [ RunTime:0.000177s ]
SQL: SHOW COLUMNS FROM `s_exarea` [ RunTime:0.002345s ]
SQL: SELECT * FROM `s_exarea`  [ RunTime:0.000162s ]
SQL: SHOW COLUMNS FROM `s_exhoursetype` [ RunTime:0.002005s ]
SQL: SELECT * FROM `s_exhoursetype`  [ RunTime:0.000159s ]
SQL: SHOW COLUMNS FROM `s_exbuildstyle` [ RunTime:0.002245s ]
SQL: SELECT * FROM `s_exbuildstyle`  [ RunTime:0.000144s ]
SQL: SHOW COLUMNS FROM `s_exbuild` [ RunTime:0.001910s ]
SQL: SELECT * FROM `s_exbuild`  [ RunTime:0.000137s ]
INFO: [ view_parse ] --START--
INFO: [ template_filter ] --START--
INFO: Run Behavior\ContentReplaceBehavior [ RunTime:0.000195s ]
INFO: [ template_filter ] --END-- [ RunTime:0.000265s ]
INFO: Run Behavior\ParseTemplateBehavior [ RunTime:0.090498s ]
INFO: [ view_parse ] --END-- [ RunTime:0.090568s ]
INFO: [ view_filter ] --START--
INFO: Run Behavior\WriteHtmlCacheBehavior [ RunTime:0.018606s ]
INFO: [ view_filter ] --END-- [ RunTime:0.018680s ]
INFO: [ app_end ] --START--
INFO: Run Behavior\ShowPageTraceBehavior [ RunTime:0.041754s ]
INFO: [ app_end ] --END-- [ RunTime:0.041862s ]

[ 2018-03-27T10:20:19+08:00 ] ::1 /Design/Public/Vendor/swiper-3.2.5/maps/swiper.min.js.map
INFO: [ app_init ] --START--
INFO: Run Behavior\BuildLiteBehavior [ RunTime:0.000028s ]
INFO: [ app_init ] --END-- [ RunTime:0.000705s ]
INFO: [ app_begin ] --START--
INFO: Run Behavior\ReadHtmlCacheBehavior [ RunTime:0.001082s ]
INFO: [ app_begin ] --END-- [ RunTime:0.001309s ]
SQL: SHOW COLUMNS FROM `s_system` [ RunTime:0.036058s ]
SQL: SELECT * FROM `s_system` LIMIT 1   [ RunTime:0.000566s ]
SQL: SHOW COLUMNS FROM `s_navigation` [ RunTime:0.003134s ]
SQL: SELECT * FROM `s_navigation`  [ RunTime:0.000520s ]
ERR: 非法操作:Vendor

[ 2018-03-27T10:20:28+08:00 ] ::1 /Design/index.php/Example
INFO: [ app_init ] --START--
INFO: Run Behavior\BuildLiteBehavior [ RunTime:0.000016s ]
INFO: [ app_init ] --END-- [ RunTime:0.000459s ]
INFO: [ app_begin ] --START--
INFO: Run Behavior\ReadHtmlCacheBehavior [ RunTime:0.000724s ]
INFO: [ app_begin ] --END-- [ RunTime:0.000795s ]
SQL: SHOW COLUMNS FROM `s_system` [ RunTime:0.001962s ]
SQL: SELECT * FROM `s_system` LIMIT 1   [ RunTime:0.000174s ]
SQL: SHOW COLUMNS FROM `s_navigation` [ RunTime:0.001597s ]
SQL: SELECT * FROM `s_navigation`  [ RunTime:0.000118s ]
SQL: SHOW COLUMNS FROM `s_exproseries` [ RunTime:0.002575s ]
SQL: SELECT * FROM `s_exproseries`  [ RunTime:0.000207s ]
SQL: SHOW COLUMNS FROM `s_exarea` [ RunTime:0.003157s ]
SQL: SELECT * FROM `s_exarea`  [ RunTime:0.000142s ]
SQL: SHOW COLUMNS FROM `s_exhoursetype` [ RunTime:0.001929s ]
SQL: SELECT * FROM `s_exhoursetype`  [ RunTime:0.000162s ]
SQL: SHOW COLUMNS FROM `s_exbuildstyle` [ RunTime:0.002150s ]
SQL: SELECT * FROM `s_exbuildstyle`  [ RunTime:0.000225s ]
SQL: SHOW COLUMNS FROM `s_exbuild` [ RunTime:0.002771s ]
SQL: SELECT * FROM `s_exbuild`  [ RunTime:0.000309s ]
INFO: [ view_parse ] --START--
INFO: [ template_filter ] --START--
INFO: Run Behavior\ContentReplaceBehavior [ RunTime:0.000157s ]
INFO: [ template_filter ] --END-- [ RunTime:0.000231s ]
INFO: Run Behavior\ParseTemplateBehavior [ RunTime:0.058299s ]
INFO: [ view_parse ] --END-- [ RunTime:0.058403s ]
INFO: [ view_filter ] --START--
INFO: Run Behavior\WriteHtmlCacheBehavior [ RunTime:0.000311s ]
INFO: [ view_filter ] --END-- [ RunTime:0.000370s ]
INFO: [ app_end ] --START--
INFO: Run Behavior\ShowPageTraceBehavior [ RunTime:0.002743s ]
INFO: [ app_end ] --END-- [ RunTime:0.002885s ]

[ 2018-03-27T10:20:28+08:00 ] ::1 /Design/Public/Vendor/swiper-3.2.5/maps/swiper.min.js.map
INFO: [ app_init ] --START--
INFO: Run Behavior\BuildLiteBehavior [ RunTime:0.000032s ]
INFO: [ app_init ] --END-- [ RunTime:0.000688s ]
INFO: [ app_begin ] --START--
INFO: Run Behavior\ReadHtmlCacheBehavior [ RunTime:0.000655s ]
INFO: [ app_begin ] --END-- [ RunTime:0.000753s ]
SQL: SHOW COLUMNS FROM `s_system` [ RunTime:0.168458s ]
SQL: SELECT * FROM `s_system` LIMIT 1   [ RunTime:0.000260s ]
SQL: SHOW COLUMNS FROM `s_navigation` [ RunTime:0.002239s ]
SQL: SELECT * FROM `s_navigation`  [ RunTime:0.000165s ]
ERR: 非法操作:Vendor

[ 2018-03-27T10:20:54+08:00 ] ::1 /Design/index.php/Example
INFO: [ app_init ] --START--
INFO: Run Behavior\BuildLiteBehavior [ RunTime:0.000018s ]
INFO: [ app_init ] --END-- [ RunTime:0.000494s ]
INFO: [ app_begin ] --START--
INFO: Run Behavior\ReadHtmlCacheBehavior [ RunTime:0.000586s ]
INFO: [ app_begin ] --END-- [ RunTime:0.000654s ]
SQL: SHOW COLUMNS FROM `s_system` [ RunTime:0.002449s ]
SQL: SELECT * FROM `s_system` LIMIT 1   [ RunTime:0.000153s ]
SQL: SHOW COLUMNS FROM `s_navigation` [ RunTime:0.001527s ]
SQL: SELECT * FROM `s_navigation`  [ RunTime:0.000119s ]
SQL: SHOW COLUMNS FROM `s_exproseries` [ RunTime:0.001960s ]
SQL: SELECT * FROM `s_exproseries`  [ RunTime:0.000130s ]
SQL: SHOW COLUMNS FROM `s_exarea` [ RunTime:0.001818s ]
SQL: SELECT * FROM `s_exarea`  [ RunTime:0.000091s ]
SQL: SHOW COLUMNS FROM `s_exhoursetype` [ RunTime:0.033249s ]
SQL: SELECT * FROM `s_exhoursetype`  [ RunTime:0.000155s ]
SQL: SHOW COLUMNS FROM `s_exbuildstyle` [ RunTime:0.001518s ]
SQL: SELECT * FROM `s_exbuildstyle`  [ RunTime:0.000182s ]
SQL: SHOW COLUMNS FROM `s_exbuild` [ RunTime:0.002019s ]
SQL: SELECT * FROM `s_exbuild`  [ RunTime:0.000149s ]
INFO: [ view_parse ] --START--
INFO: [ template_filter ] --START--
INFO: Run Behavior\ContentReplaceBehavior [ RunTime:0.000134s ]
INFO: [ template_filter ] --END-- [ RunTime:0.000188s ]
INFO: Run Behavior\ParseTemplateBehavior [ RunTime:0.051867s ]
INFO: [ view_parse ] --END-- [ RunTime:0.051946s ]
INFO: [ view_filter ] --START--
INFO: Run Behavior\WriteHtmlCacheBehavior [ RunTime:0.000198s ]
INFO: [ view_filter ] --END-- [ RunTime:0.000233s ]
INFO: [ app_end ] --START--
INFO: Run Behavior\ShowPageTraceBehavior [ RunTime:0.000802s ]
INFO: [ app_end ] --END-- [ RunTime:0.001464s ]

[ 2018-03-27T10:20:54+08:00 ] ::1 /Design/Public/Vendor/swiper-3.2.5/maps/swiper.min.js.map
INFO: [ app_init ] --START--
INFO: Run Behavior\BuildLiteBehavior [ RunTime:0.000024s ]
INFO: [ app_init ] --END-- [ RunTime:0.000613s ]
INFO: [ app_begin ] --START--
INFO: Run Behavior\ReadHtmlCacheBehavior [ RunTime:0.000874s ]
INFO: [ app_begin ] --END-- [ RunTime:0.000963s ]
SQL: SHOW COLUMNS FROM `s_system` [ RunTime:0.004572s ]
SQL: SELECT * FROM `s_system` LIMIT 1   [ RunTime:0.000272s ]
SQL: SHOW COLUMNS FROM `s_navigation` [ RunTime:0.007853s ]
SQL: SELECT * FROM `s_navigation`  [ RunTime:0.000638s ]
ERR: 非法操作:Vendor

[ 2018-03-27T10:21:28+08:00 ] ::1 /Design/index.php/Example
INFO: [ app_init ] --START--
INFO: Run Behavior\BuildLiteBehavior [ RunTime:0.000023s ]
INFO: [ app_init ] --END-- [ RunTime:0.000961s ]
INFO: [ app_begin ] --START--
INFO: Run Behavior\ReadHtmlCacheBehavior [ RunTime:0.001056s ]
INFO: [ app_begin ] --END-- [ RunTime:0.001168s ]
SQL: SHOW COLUMNS FROM `s_system` [ RunTime:0.009794s ]
SQL: SELECT * FROM `s_system` LIMIT 1   [ RunTime:0.000162s ]
SQL: SHOW COLUMNS FROM `s_navigation` [ RunTime:0.002076s ]
SQL: SELECT * FROM `s_navigation`  [ RunTime:0.000144s ]
SQL: SHOW COLUMNS FROM `s_exproseries` [ RunTime:0.002234s ]
SQL: SELECT * FROM `s_exproseries`  [ RunTime:0.000148s ]
SQL: SHOW COLUMNS FROM `s_exarea` [ RunTime:0.002102s ]
SQL: SELECT * FROM `s_exarea`  [ RunTime:0.000119s ]
SQL: SHOW COLUMNS FROM `s_exhoursetype` [ RunTime:0.003647s ]
SQL: SELECT * FROM `s_exhoursetype`  [ RunTime:0.000196s ]
SQL: SHOW COLUMNS FROM `s_exbuildstyle` [ RunTime:0.002039s ]
SQL: SELECT * FROM `s_exbuildstyle`  [ RunTime:0.000120s ]
SQL: SHOW COLUMNS FROM `s_exbuild` [ RunTime:0.002871s ]
SQL: SELECT * FROM `s_exbuild`  [ RunTime:0.000197s ]
INFO: [ view_parse ] --START--
INFO: [ template_filter ] --START--
INFO: Run Behavior\ContentReplaceBehavior [ RunTime:0.000134s ]
INFO: [ template_filter ] --END-- [ RunTime:0.000190s ]
INFO: Run Behavior\ParseTemplateBehavior [ RunTime:0.113625s ]
INFO: [ view_parse ] --END-- [ RunTime:0.113702s ]
INFO: [ view_filter ] --START--
INFO: Run Behavior\WriteHtmlCacheBehavior [ RunTime:0.018624s ]
INFO: [ view_filter ] --END-- [ RunTime:0.018693s ]
INFO: [ app_end ] --START--
INFO: Run Behavior\ShowPageTraceBehavior [ RunTime:0.006710s ]
INFO: [ app_end ] --END-- [ RunTime:0.006785s ]

[ 2018-03-27T10:21:28+08:00 ] ::1 /Design/Public/Vendor/swiper-3.2.5/maps/swiper.min.js.map
INFO: [ app_init ] --START--
INFO: Run Behavior\BuildLiteBehavior [ RunTime:0.000024s ]
INFO: [ app_init ] --END-- [ RunTime:0.000569s ]
INFO: [ app_begin ] --START--
INFO: Run Behavior\ReadHtmlCacheBehavior [ RunTime:0.000910s ]
INFO: [ app_begin ] --END-- [ RunTime:0.001003s ]
SQL: SHOW COLUMNS FROM `s_system` [ RunTime:0.007300s ]
SQL: SELECT * FROM `s_system` LIMIT 1   [ RunTime:0.000324s ]
SQL: SHOW COLUMNS FROM `s_navigation` [ RunTime:0.002746s ]
SQL: SELECT * FROM `s_navigation`  [ RunTime:0.000235s ]
ERR: 非法操作:Vendor

[ 2018-03-27T10:21:35+08:00 ] ::1 /Design/index.php/Example/detail?id=1
INFO: [ app_init ] --START--
INFO: Run Behavior\BuildLiteBehavior [ RunTime:0.000015s ]
INFO: [ app_init ] --END-- [ RunTime:0.000320s ]
INFO: [ app_begin ] --START--
INFO: Run Behavior\ReadHtmlCacheBehavior [ RunTime:0.000507s ]
INFO: [ app_begin ] --END-- [ RunTime:0.000547s ]
SQL: SHOW COLUMNS FROM `s_system` [ RunTime:0.002753s ]
SQL: SELECT * FROM `s_system` LIMIT 1   [ RunTime:0.000243s ]
SQL: SHOW COLUMNS FROM `s_navigation` [ RunTime:0.003906s ]
SQL: SELECT * FROM `s_navigation`  [ RunTime:0.000158s ]
SQL: SHOW COLUMNS FROM `s_exbuild` [ RunTime:0.002406s ]
SQL: SELECT * FROM `s_exbuild` WHERE ( id=1 ) LIMIT 1   [ RunTime:0.000553s ]
SQL: SHOW COLUMNS FROM `s_exbuildimgs` [ RunTime:0.002491s ]
SQL: SELECT * FROM `s_exbuildimgs` WHERE ( parentId=1 )  [ RunTime:0.000138s ]
INFO: [ view_parse ] --START--
INFO: [ template_filter ] --START--
INFO: Run Behavior\ContentReplaceBehavior [ RunTime:0.000222s ]
INFO: [ template_filter ] --END-- [ RunTime:0.000287s ]
INFO: Run Behavior\ParseTemplateBehavior [ RunTime:0.049071s ]
INFO: [ view_parse ] --END-- [ RunTime:0.049125s ]
INFO: [ view_filter ] --START--
INFO: Run Behavior\WriteHtmlCacheBehavior [ RunTime:0.000176s ]
INFO: [ view_filter ] --END-- [ RunTime:0.000218s ]
INFO: [ app_end ] --START--
INFO: Run Behavior\ShowPageTraceBehavior [ RunTime:0.001928s ]
INFO: [ app_end ] --END-- [ RunTime:0.002472s ]

[ 2018-03-27T10:21:36+08:00 ] ::1 /Design/Public/Vendor/swiper-3.2.5/maps/swiper.min.js.map
INFO: [ app_init ] --START--
INFO: Run Behavior\BuildLiteBehavior [ RunTime:0.000030s ]
INFO: [ app_init ] --END-- [ RunTime:0.000988s ]
INFO: [ app_begin ] --START--
INFO: Run Behavior\ReadHtmlCacheBehavior [ RunTime:0.001128s ]
INFO: [ app_begin ] --END-- [ RunTime:0.001253s ]
SQL: SHOW COLUMNS FROM `s_system` [ RunTime:0.015390s ]
SQL: SELECT * FROM `s_system` LIMIT 1   [ RunTime:0.000324s ]
SQL: SHOW COLUMNS FROM `s_navigation` [ RunTime:0.003053s ]
SQL: SELECT * FROM `s_navigation`  [ RunTime:0.003910s ]
ERR: 非法操作:Vendor

[ 2018-03-27T10:28:38+08:00 ] ::1 /Design/index.php/Example/detail?id=1
INFO: [ app_init ] --START--
INFO: Run Behavior\BuildLiteBehavior [ RunTime:0.000019s ]
INFO: [ app_init ] --END-- [ RunTime:0.000689s ]
INFO: [ app_begin ] --START--
INFO: Run Behavior\ReadHtmlCacheBehavior [ RunTime:0.000853s ]
INFO: [ app_begin ] --END-- [ RunTime:0.000916s ]
SQL: SHOW COLUMNS FROM `s_system` [ RunTime:0.037282s ]
SQL: SELECT * FROM `s_system` LIMIT 1   [ RunTime:0.000177s ]
SQL: SHOW COLUMNS FROM `s_navigation` [ RunTime:0.002344s ]
SQL: SELECT * FROM `s_navigation`  [ RunTime:0.000143s ]
SQL: SHOW COLUMNS FROM `s_exbuild` [ RunTime:0.001921s ]
SQL: SELECT * FROM `s_exbuild` WHERE ( id=1 ) LIMIT 1   [ RunTime:0.000180s ]
SQL: SHOW COLUMNS FROM `s_exbuildimgs` [ RunTime:0.002054s ]
SQL: SELECT * FROM `s_exbuildimgs` WHERE ( parentId=1 )  [ RunTime:0.000177s ]
SQL: SHOW COLUMNS FROM `s_exproseries` [ RunTime:0.001939s ]
SQL: SELECT * FROM `s_exproseries` WHERE ( id=1 ) LIMIT 1   [ RunTime:0.000173s ]
SQL: SHOW COLUMNS FROM `s_exarea` [ RunTime:0.002721s ]
SQL: SELECT * FROM `s_exarea` WHERE ( id=1 ) LIMIT 1   [ RunTime:0.000184s ]
SQL: SHOW COLUMNS FROM `s_exhoursetype` [ RunTime:0.002495s ]
SQL: SELECT * FROM `s_exhoursetype` WHERE ( id=1 ) LIMIT 1   [ RunTime:0.000562s ]
SQL: SHOW COLUMNS FROM `s_exbuildstyle` [ RunTime:0.002266s ]
SQL: SELECT * FROM `s_exbuildstyle` WHERE ( id=1 ) LIMIT 1   [ RunTime:0.000461s ]
INFO: [ view_parse ] --START--
INFO: [ template_filter ] --START--
INFO: Run Behavior\ContentReplaceBehavior [ RunTime:0.000186s ]
INFO: [ template_filter ] --END-- [ RunTime:0.000245s ]
NOTIC: [8] Undefined variable: styleName /Users/simple/Documents/web_projects/Design/Application/Runtime/Cache/Home/41958b59cb68473abf38a8a031df159e.php 第 101 行.
NOTIC: [8] Undefined variable: hourseType /Users/simple/Documents/web_projects/Design/Application/Runtime/Cache/Home/41958b59cb68473abf38a8a031df159e.php 第 103 行.
NOTIC: [8] Undefined variable: areaName /Users/simple/Documents/web_projects/Design/Application/Runtime/Cache/Home/41958b59cb68473abf38a8a031df159e.php 第 105 行.
INFO: Run Behavior\ParseTemplateBehavior [ RunTime:0.073940s ]
INFO: [ view_parse ] --END-- [ RunTime:0.073997s ]
INFO: [ view_filter ] --START--
INFO: Run Behavior\WriteHtmlCacheBehavior [ RunTime:0.018356s ]
INFO: [ view_filter ] --END-- [ RunTime:0.018492s ]
INFO: [ app_end ] --START--
INFO: Run Behavior\ShowPageTraceBehavior [ RunTime:0.006682s ]
INFO: [ app_end ] --END-- [ RunTime:0.006764s ]

[ 2018-03-27T10:28:39+08:00 ] ::1 /Design/Public/Vendor/swiper-3.2.5/maps/swiper.min.js.map
INFO: [ app_init ] --START--
INFO: Run Behavior\BuildLiteBehavior [ RunTime:0.000028s ]
INFO: [ app_init ] --END-- [ RunTime:0.000646s ]
INFO: [ app_begin ] --START--
INFO: Run Behavior\ReadHtmlCacheBehavior [ RunTime:0.002822s ]
INFO: [ app_begin ] --END-- [ RunTime:0.002950s ]
SQL: SHOW COLUMNS FROM `s_system` [ RunTime:0.003816s ]
SQL: SELECT * FROM `s_system` LIMIT 1   [ RunTime:0.000186s ]
SQL: SHOW COLUMNS FROM `s_navigation` [ RunTime:0.002493s ]
SQL: SELECT * FROM `s_navigation`  [ RunTime:0.000215s ]
ERR: 非法操作:Vendor

[ 2018-03-27T10:29:48+08:00 ] ::1 /Design/index.php/Example/detail?id=1
INFO: [ app_init ] --START--
INFO: Run Behavior\BuildLiteBehavior [ RunTime:0.000017s ]
INFO: [ app_init ] --END-- [ RunTime:0.000369s ]
INFO: [ app_begin ] --START--
INFO: Run Behavior\ReadHtmlCacheBehavior [ RunTime:0.000516s ]
INFO: [ app_begin ] --END-- [ RunTime:0.000560s ]
SQL: SHOW COLUMNS FROM `s_system` [ RunTime:0.001865s ]
SQL: SELECT * FROM `s_system` LIMIT 1   [ RunTime:0.000152s ]
SQL: SHOW COLUMNS FROM `s_navigation` [ RunTime:0.002148s ]
SQL: SELECT * FROM `s_navigation`  [ RunTime:0.000158s ]
SQL: SHOW COLUMNS FROM `s_exbuild` [ RunTime:0.002325s ]
SQL: SELECT * FROM `s_exbuild` WHERE ( id=1 ) LIMIT 1   [ RunTime:0.000135s ]
SQL: SHOW COLUMNS FROM `s_exbuildimgs` [ RunTime:0.001868s ]
SQL: SELECT * FROM `s_exbuildimgs` WHERE ( parentId=1 )  [ RunTime:0.000234s ]
SQL: SHOW COLUMNS FROM `s_exproseries` [ RunTime:0.003331s ]
SQL: SELECT * FROM `s_exproseries` WHERE ( id=1 ) LIMIT 1   [ RunTime:0.000225s ]
SQL: SHOW COLUMNS FROM `s_exarea` [ RunTime:0.001836s ]
SQL: SELECT * FROM `s_exarea` WHERE ( id=1 ) LIMIT 1   [ RunTime:0.000120s ]
SQL: SHOW COLUMNS FROM `s_exhoursetype` [ RunTime:0.002447s ]
SQL: SELECT * FROM `s_exhoursetype` WHERE ( id=1 ) LIMIT 1   [ RunTime:0.000098s ]
SQL: SHOW COLUMNS FROM `s_exbuildstyle` [ RunTime:0.001643s ]
SQL: SELECT * FROM `s_exbuildstyle` WHERE ( id=1 ) LIMIT 1   [ RunTime:0.000117s ]
INFO: [ view_parse ] --START--
INFO: [ template_filter ] --START--
INFO: Run Behavior\ContentReplaceBehavior [ RunTime:0.000211s ]
INFO: [ template_filter ] --END-- [ RunTime:0.000272s ]
NOTIC: [8] Undefined index: styleName /Users/simple/Documents/web_projects/Design/Application/Runtime/Cache/Home/41958b59cb68473abf38a8a031df159e.php 第 101 行.
NOTIC: [8] Undefined index: hourseType /Users/simple/Documents/web_projects/Design/Application/Runtime/Cache/Home/41958b59cb68473abf38a8a031df159e.php 第 103 行.
NOTIC: [8] Undefined index: areaName /Users/simple/Documents/web_projects/Design/Application/Runtime/Cache/Home/41958b59cb68473abf38a8a031df159e.php 第 105 行.
INFO: Run Behavior\ParseTemplateBehavior [ RunTime:0.053624s ]
INFO: [ view_parse ] --END-- [ RunTime:0.053679s ]
INFO: [ view_filter ] --START--
INFO: Run Behavior\WriteHtmlCacheBehavior [ RunTime:0.000242s ]
INFO: [ view_filter ] --END-- [ RunTime:0.000286s ]
INFO: [ app_end ] --START--
INFO: Run Behavior\ShowPageTraceBehavior [ RunTime:0.004741s ]
INFO: [ app_end ] --END-- [ RunTime:0.004880s ]

[ 2018-03-27T10:29:48+08:00 ] ::1 /Design/Public/Vendor/swiper-3.2.5/maps/swiper.min.js.map
INFO: [ app_init ] --START--
INFO: Run Behavior\BuildLiteBehavior [ RunTime:0.000029s ]
INFO: [ app_init ] --END-- [ RunTime:0.000889s ]
INFO: [ app_begin ] --START--
INFO: Run Behavior\ReadHtmlCacheBehavior [ RunTime:0.000880s ]
INFO: [ app_begin ] --END-- [ RunTime:0.000971s ]
SQL: SHOW COLUMNS FROM `s_system` [ RunTime:0.003710s ]
SQL: SELECT * FROM `s_system` LIMIT 1   [ RunTime:0.000358s ]
SQL: SHOW COLUMNS FROM `s_navigation` [ RunTime:0.006929s ]
SQL: SELECT * FROM `s_navigation`  [ RunTime:0.000242s ]
ERR: 非法操作:Vendor

[ 2018-03-27T10:30:04+08:00 ] ::1 /Design/index.php/Example/detail?id=1
INFO: [ app_init ] --START--
INFO: Run Behavior\BuildLiteBehavior [ RunTime:0.000016s ]
INFO: [ app_init ] --END-- [ RunTime:0.000339s ]
INFO: [ app_begin ] --START--
INFO: Run Behavior\ReadHtmlCacheBehavior [ RunTime:0.000478s ]
INFO: [ app_begin ] --END-- [ RunTime:0.000518s ]
SQL: SHOW COLUMNS FROM `s_system` [ RunTime:0.003199s ]
SQL: SELECT * FROM `s_system` LIMIT 1   [ RunTime:0.000160s ]
SQL: SHOW COLUMNS FROM `s_navigation` [ RunTime:0.003828s ]
SQL: SELECT * FROM `s_navigation`  [ RunTime:0.000161s ]
SQL: SHOW COLUMNS FROM `s_exbuild` [ RunTime:0.004077s ]
SQL: SELECT * FROM `s_exbuild` WHERE ( id=1 ) LIMIT 1   [ RunTime:0.000185s ]
SQL: SHOW COLUMNS FROM `s_exbuildimgs` [ RunTime:0.001825s ]
SQL: SELECT * FROM `s_exbuildimgs` WHERE ( parentId=1 )  [ RunTime:0.000180s ]
SQL: SHOW COLUMNS FROM `s_exproseries` [ RunTime:0.003046s ]
SQL: SELECT * FROM `s_exproseries` WHERE ( id=1 ) LIMIT 1   [ RunTime:0.000264s ]
SQL: SHOW COLUMNS FROM `s_exarea` [ RunTime:0.002258s ]
SQL: SELECT * FROM `s_exarea` WHERE ( id=1 ) LIMIT 1   [ RunTime:0.000246s ]
SQL: SHOW COLUMNS FROM `s_exhoursetype` [ RunTime:0.002922s ]
SQL: SELECT * FROM `s_exhoursetype` WHERE ( id=1 ) LIMIT 1   [ RunTime:0.000344s ]
SQL: SHOW COLUMNS FROM `s_exbuildstyle` [ RunTime:0.002408s ]
SQL: SELECT * FROM `s_exbuildstyle` WHERE ( id=1 ) LIMIT 1   [ RunTime:0.000130s ]
INFO: [ view_parse ] --START--
INFO: [ template_filter ] --START--
INFO: Run Behavior\ContentReplaceBehavior [ RunTime:0.000234s ]
INFO: [ template_filter ] --END-- [ RunTime:0.000299s ]
INFO: Run Behavior\ParseTemplateBehavior [ RunTime:0.055229s ]
INFO: [ view_parse ] --END-- [ RunTime:0.055306s ]
INFO: [ view_filter ] --START--
INFO: Run Behavior\WriteHtmlCacheBehavior [ RunTime:0.000181s ]
INFO: [ view_filter ] --END-- [ RunTime:0.000214s ]
INFO: [ app_end ] --START--
INFO: Run Behavior\ShowPageTraceBehavior [ RunTime:0.001569s ]
INFO: [ app_end ] --END-- [ RunTime:0.001706s ]

[ 2018-03-27T10:30:05+08:00 ] ::1 /Design/Public/Vendor/swiper-3.2.5/maps/swiper.min.js.map
INFO: [ app_init ] --START--
INFO: Run Behavior\BuildLiteBehavior [ RunTime:0.000144s ]
INFO: [ app_init ] --END-- [ RunTime:0.001603s ]
INFO: [ app_begin ] --START--
INFO: Run Behavior\ReadHtmlCacheBehavior [ RunTime:0.000995s ]
INFO: [ app_begin ] --END-- [ RunTime:0.001099s ]
SQL: SHOW COLUMNS FROM `s_system` [ RunTime:0.002437s ]
SQL: SELECT * FROM `s_system` LIMIT 1   [ RunTime:0.000254s ]
SQL: SHOW COLUMNS FROM `s_navigation` [ RunTime:0.004008s ]
SQL: SELECT * FROM `s_navigation`  [ RunTime:0.000945s ]
ERR: 非法操作:Vendor

[ 2018-03-27T10:30:31+08:00 ] ::1 /Design/index.php/Example/detail?id=1
INFO: [ app_init ] --START--
INFO: Run Behavior\BuildLiteBehavior [ RunTime:0.000032s ]
INFO: [ app_init ] --END-- [ RunTime:0.001127s ]
INFO: [ app_begin ] --START--
INFO: Run Behavior\ReadHtmlCacheBehavior [ RunTime:0.001012s ]
INFO: [ app_begin ] --END-- [ RunTime:0.001094s ]
SQL: SHOW COLUMNS FROM `s_system` [ RunTime:0.004008s ]
SQL: SELECT * FROM `s_system` LIMIT 1   [ RunTime:0.000163s ]
SQL: SHOW COLUMNS FROM `s_navigation` [ RunTime:0.002307s ]
SQL: SELECT * FROM `s_navigation`  [ RunTime:0.000138s ]
SQL: SHOW COLUMNS FROM `s_exbuild` [ RunTime:0.002552s ]
SQL: SELECT * FROM `s_exbuild` WHERE ( id=1 ) LIMIT 1   [ RunTime:0.000180s ]
SQL: SHOW COLUMNS FROM `s_exbuildimgs` [ RunTime:0.002382s ]
SQL: SELECT * FROM `s_exbuildimgs` WHERE ( parentId=1 )  [ RunTime:0.000138s ]
SQL: SHOW COLUMNS FROM `s_exproseries` [ RunTime:0.002110s ]
SQL: SELECT * FROM `s_exproseries` WHERE ( id=1 ) LIMIT 1   [ RunTime:0.000116s ]
SQL: SHOW COLUMNS FROM `s_exarea` [ RunTime:0.001502s ]
SQL: SELECT * FROM `s_exarea` WHERE ( id=1 ) LIMIT 1   [ RunTime:0.000097s ]
SQL: SHOW COLUMNS FROM `s_exhoursetype` [ RunTime:0.002237s ]
SQL: SELECT * FROM `s_exhoursetype` WHERE ( id=1 ) LIMIT 1   [ RunTime:0.000098s ]
SQL: SHOW COLUMNS FROM `s_exbuildstyle` [ RunTime:0.002080s ]
SQL: SELECT * FROM `s_exbuildstyle` WHERE ( id=1 ) LIMIT 1   [ RunTime:0.000156s ]
INFO: [ view_parse ] --START--
INFO: [ template_filter ] --START--
INFO: Run Behavior\ContentReplaceBehavior [ RunTime:0.000207s ]
INFO: [ template_filter ] --END-- [ RunTime:0.000277s ]
INFO: Run Behavior\ParseTemplateBehavior [ RunTime:0.110811s ]
INFO: [ view_parse ] --END-- [ RunTime:0.110862s ]
INFO: [ view_filter ] --START--
INFO: Run Behavior\WriteHtmlCacheBehavior [ RunTime:0.018448s ]
INFO: [ view_filter ] --END-- [ RunTime:0.018560s ]
INFO: [ app_end ] --START--
INFO: Run Behavior\ShowPageTraceBehavior [ RunTime:0.007019s ]
INFO: [ app_end ] --END-- [ RunTime:0.007190s ]

[ 2018-03-27T10:30:31+08:00 ] ::1 /Design/Public/Vendor/swiper-3.2.5/maps/swiper.min.js.map
INFO: [ app_init ] --START--
INFO: Run Behavior\BuildLiteBehavior [ RunTime:0.000049s ]
INFO: [ app_init ] --END-- [ RunTime:0.000808s ]
INFO: [ app_begin ] --START--
INFO: Run Behavior\ReadHtmlCacheBehavior [ RunTime:0.001042s ]
INFO: [ app_begin ] --END-- [ RunTime:0.001170s ]
SQL: SHOW COLUMNS FROM `s_system` [ RunTime:0.023561s ]
SQL: SELECT * FROM `s_system` LIMIT 1   [ RunTime:0.000690s ]
SQL: SHOW COLUMNS FROM `s_navigation` [ RunTime:0.003772s ]
SQL: SELECT * FROM `s_navigation`  [ RunTime:0.002217s ]
ERR: 非法操作:Vendor

[ 2018-03-27T10:30:32+08:00 ] ::1 /Design/index.php/Example
INFO: [ app_init ] --START--
INFO: Run Behavior\BuildLiteBehavior [ RunTime:0.000032s ]
INFO: [ app_init ] --END-- [ RunTime:0.000458s ]
INFO: [ app_begin ] --START--
INFO: Run Behavior\ReadHtmlCacheBehavior [ RunTime:0.000535s ]
INFO: [ app_begin ] --END-- [ RunTime:0.000582s ]
SQL: SHOW COLUMNS FROM `s_system` [ RunTime:0.002431s ]
SQL: SELECT * FROM `s_system` LIMIT 1   [ RunTime:0.000126s ]
SQL: SHOW COLUMNS FROM `s_navigation` [ RunTime:0.004284s ]
SQL: SELECT * FROM `s_navigation`  [ RunTime:0.000132s ]
SQL: SHOW COLUMNS FROM `s_exproseries` [ RunTime:0.002019s ]
SQL: SELECT * FROM `s_exproseries`  [ RunTime:0.000175s ]
SQL: SHOW COLUMNS FROM `s_exarea` [ RunTime:0.002529s ]
SQL: SELECT * FROM `s_exarea`  [ RunTime:0.000129s ]
SQL: SHOW COLUMNS FROM `s_exhoursetype` [ RunTime:0.001996s ]
SQL: SELECT * FROM `s_exhoursetype`  [ RunTime:0.000099s ]
SQL: SHOW COLUMNS FROM `s_exbuildstyle` [ RunTime:0.001767s ]
SQL: SELECT * FROM `s_exbuildstyle`  [ RunTime:0.000144s ]
SQL: SHOW COLUMNS FROM `s_exbuild` [ RunTime:0.002520s ]
SQL: SELECT * FROM `s_exbuild`  [ RunTime:0.000166s ]
INFO: [ view_parse ] --START--
INFO: [ template_filter ] --START--
INFO: Run Behavior\ContentReplaceBehavior [ RunTime:0.000230s ]
INFO: [ template_filter ] --END-- [ RunTime:0.000301s ]
INFO: Run Behavior\ParseTemplateBehavior [ RunTime:0.076807s ]
INFO: [ view_parse ] --END-- [ RunTime:0.076861s ]
INFO: [ view_filter ] --START--
INFO: Run Behavior\WriteHtmlCacheBehavior [ RunTime:0.000158s ]
INFO: [ view_filter ] --END-- [ RunTime:0.000191s ]
INFO: [ app_end ] --START--
INFO: Run Behavior\ShowPageTraceBehavior [ RunTime:0.000756s ]
INFO: [ app_end ] --END-- [ RunTime:0.000818s ]

[ 2018-03-27T10:30:32+08:00 ] ::1 /Design/Public/Vendor/swiper-3.2.5/maps/swiper.min.js.map
INFO: [ app_init ] --START--
INFO: Run Behavior\BuildLiteBehavior [ RunTime:0.000022s ]
INFO: [ app_init ] --END-- [ RunTime:0.000511s ]
INFO: [ app_begin ] --START--
INFO: Run Behavior\ReadHtmlCacheBehavior [ RunTime:0.000737s ]
INFO: [ app_begin ] --END-- [ RunTime:0.000821s ]
SQL: SHOW COLUMNS FROM `s_system` [ RunTime:0.002927s ]
SQL: SELECT * FROM `s_system` LIMIT 1   [ RunTime:0.000244s ]
SQL: SHOW COLUMNS FROM `s_navigation` [ RunTime:0.002592s ]
SQL: SELECT * FROM `s_navigation`  [ RunTime:0.000196s ]
ERR: 非法操作:Vendor

[ 2018-03-27T10:30:43+08:00 ] ::1 /Design/index.php/Effect
INFO: [ app_init ] --START--
INFO: Run Behavior\BuildLiteBehavior [ RunTime:0.000019s ]
INFO: [ app_init ] --END-- [ RunTime:0.000465s ]
INFO: [ app_begin ] --START--
INFO: Run Behavior\ReadHtmlCacheBehavior [ RunTime:0.000477s ]
INFO: [ app_begin ] --END-- [ RunTime:0.000519s ]
SQL: SHOW COLUMNS FROM `s_system` [ RunTime:0.001980s ]
SQL: SELECT * FROM `s_system` LIMIT 1   [ RunTime:0.000142s ]
SQL: SHOW COLUMNS FROM `s_navigation` [ RunTime:0.002244s ]
SQL: SELECT * FROM `s_navigation`  [ RunTime:0.000143s ]
INFO: [ view_parse ] --START--
INFO: [ template_filter ] --START--
INFO: Run Behavior\ContentReplaceBehavior [ RunTime:0.000167s ]
INFO: [ template_filter ] --END-- [ RunTime:0.000224s ]
INFO: Run Behavior\ParseTemplateBehavior [ RunTime:0.034259s ]
INFO: [ view_parse ] --END-- [ RunTime:0.034337s ]
INFO: [ view_filter ] --START--
INFO: Run Behavior\WriteHtmlCacheBehavior [ RunTime:0.000272s ]
INFO: [ view_filter ] --END-- [ RunTime:0.000338s ]
INFO: [ app_end ] --START--
INFO: Run Behavior\ShowPageTraceBehavior [ RunTime:0.002029s ]
INFO: [ app_end ] --END-- [ RunTime:0.002144s ]

[ 2018-03-27T10:30:43+08:00 ] ::1 /Design/Public/Vendor/swiper-3.2.5/maps/swiper.min.js.map
INFO: [ app_init ] --START--
INFO: Run Behavior\BuildLiteBehavior [ RunTime:0.000023s ]
INFO: [ app_init ] --END-- [ RunTime:0.000473s ]
INFO: [ app_begin ] --START--
INFO: Run Behavior\ReadHtmlCacheBehavior [ RunTime:0.000794s ]
INFO: [ app_begin ] --END-- [ RunTime:0.000986s ]
SQL: SHOW COLUMNS FROM `s_system` [ RunTime:0.002352s ]
SQL: SELECT * FROM `s_system` LIMIT 1   [ RunTime:0.000183s ]
SQL: SHOW COLUMNS FROM `s_navigation` [ RunTime:0.002054s ]
SQL: SELECT * FROM `s_navigation`  [ RunTime:0.000230s ]
ERR: 非法操作:Vendor

[ 2018-03-27T10:30:47+08:00 ] ::1 /Design/index.php/Effect/detail
INFO: [ app_init ] --START--
INFO: Run Behavior\BuildLiteBehavior [ RunTime:0.000015s ]
INFO: [ app_init ] --END-- [ RunTime:0.000326s ]
INFO: [ app_begin ] --START--
INFO: Run Behavior\ReadHtmlCacheBehavior [ RunTime:0.000819s ]
INFO: [ app_begin ] --END-- [ RunTime:0.000888s ]
SQL: SHOW COLUMNS FROM `s_system` [ RunTime:0.002835s ]
SQL: SELECT * FROM `s_system` LIMIT 1   [ RunTime:0.000165s ]
SQL: SHOW COLUMNS FROM `s_navigation` [ RunTime:0.003838s ]
SQL: SELECT * FROM `s_navigation`  [ RunTime:0.000107s ]
INFO: [ view_parse ] --START--
INFO: [ template_filter ] --START--
INFO: Run Behavior\ContentReplaceBehavior [ RunTime:0.000158s ]
INFO: [ template_filter ] --END-- [ RunTime:0.000212s ]
INFO: Run Behavior\ParseTemplateBehavior [ RunTime:0.050228s ]
INFO: [ view_parse ] --END-- [ RunTime:0.050273s ]
INFO: [ view_filter ] --START--
INFO: Run Behavior\WriteHtmlCacheBehavior [ RunTime:0.000139s ]
INFO: [ view_filter ] --END-- [ RunTime:0.000173s ]
INFO: [ app_end ] --START--
INFO: Run Behavior\ShowPageTraceBehavior [ RunTime:0.001997s ]
INFO: [ app_end ] --END-- [ RunTime:0.002110s ]

[ 2018-03-27T10:30:48+08:00 ] ::1 /Design/Public/Vendor/swiper-3.2.5/maps/swiper.min.js.map
INFO: [ app_init ] --START--
INFO: Run Behavior\BuildLiteBehavior [ RunTime:0.000045s ]
INFO: [ app_init ] --END-- [ RunTime:0.009238s ]
INFO: [ app_begin ] --START--
INFO: Run Behavior\ReadHtmlCacheBehavior [ RunTime:0.001523s ]
INFO: [ app_begin ] --END-- [ RunTime:0.001622s ]
SQL: SHOW COLUMNS FROM `s_system` [ RunTime:0.003210s ]
SQL: SELECT * FROM `s_system` LIMIT 1   [ RunTime:0.000606s ]
SQL: SHOW COLUMNS FROM `s_navigation` [ RunTime:0.005401s ]
SQL: SELECT * FROM `s_navigation`  [ RunTime:0.010518s ]
ERR: 非法操作:Vendor

[ 2018-03-27T10:30:52+08:00 ] ::1 /Design/index.php/Effect
INFO: [ app_init ] --START--
INFO: Run Behavior\BuildLiteBehavior [ RunTime:0.000053s ]
INFO: [ app_init ] --END-- [ RunTime:0.000370s ]
INFO: [ app_begin ] --START--
INFO: Run Behavior\ReadHtmlCacheBehavior [ RunTime:0.000573s ]
INFO: [ app_begin ] --END-- [ RunTime:0.000617s ]
SQL: SHOW COLUMNS FROM `s_system` [ RunTime:0.003274s ]
SQL: SELECT * FROM `s_system` LIMIT 1   [ RunTime:0.000302s ]
SQL: SHOW COLUMNS FROM `s_navigation` [ RunTime:0.002317s ]
SQL: SELECT * FROM `s_navigation`  [ RunTime:0.000108s ]
INFO: [ view_parse ] --START--
INFO: [ template_filter ] --START--
INFO: Run Behavior\ContentReplaceBehavior [ RunTime:0.000182s ]
INFO: [ template_filter ] --END-- [ RunTime:0.000244s ]
INFO: Run Behavior\ParseTemplateBehavior [ RunTime:0.055921s ]
INFO: [ view_parse ] --END-- [ RunTime:0.055998s ]
INFO: [ view_filter ] --START--
INFO: Run Behavior\WriteHtmlCacheBehavior [ RunTime:0.000213s ]
INFO: [ view_filter ] --END-- [ RunTime:0.000257s ]
INFO: [ app_end ] --START--
INFO: Run Behavior\ShowPageTraceBehavior [ RunTime:0.002551s ]
INFO: [ app_end ] --END-- [ RunTime:0.002701s ]

[ 2018-03-27T10:30:52+08:00 ] ::1 /Design/Public/Vendor/swiper-3.2.5/maps/swiper.min.js.map
INFO: [ app_init ] --START--
INFO: Run Behavior\BuildLiteBehavior [ RunTime:0.000038s ]
INFO: [ app_init ] --END-- [ RunTime:0.002943s ]
INFO: [ app_begin ] --START--
INFO: Run Behavior\ReadHtmlCacheBehavior [ RunTime:0.001686s ]
INFO: [ app_begin ] --END-- [ RunTime:0.001848s ]
SQL: SHOW COLUMNS FROM `s_system` [ RunTime:0.002893s ]
SQL: SELECT * FROM `s_system` LIMIT 1   [ RunTime:0.000224s ]
SQL: SHOW COLUMNS FROM `s_navigation` [ RunTime:0.002485s ]
SQL: SELECT * FROM `s_navigation`  [ RunTime:0.000206s ]
ERR: 非法操作:Vendor

